2023-02-19 16:13:37,953 DEBUG [main] InternalLoggerFactory:89 - Using Log4J as the default logging framework
 2023-02-19 16:13:37,958 DEBUG [main] ResourceLeakDetector:129 - -Dio.netty.leakDetection.level: simple
 2023-02-19 16:13:37,958 DEBUG [main] ResourceLeakDetector:130 - -Dio.netty.leakDetection.targetRecords: 4
 2023-02-19 16:13:37,962 DEBUG [main] ResourceLeakDetectorFactory:196 - Loaded default ResourceLeakDetector: io.netty.util.ResourceLeakDetector@60c6f5b
 2023-02-19 16:13:37,985 DEBUG [main] PlatformDependent0:496 - -Dio.netty.noUnsafe: false
 2023-02-19 16:13:37,986 DEBUG [main] PlatformDependent0:1000 - Java version: 8
 2023-02-19 16:13:37,987 DEBUG [main] PlatformDependent0:137 - sun.misc.Unsafe.theUnsafe: available
 2023-02-19 16:13:37,987 DEBUG [main] PlatformDependent0:161 - sun.misc.Unsafe.copyMemory: available
 2023-02-19 16:13:37,988 DEBUG [main] PlatformDependent0:193 - sun.misc.Unsafe.storeFence: available
 2023-02-19 16:13:37,988 DEBUG [main] PlatformDependent0:236 - java.nio.Buffer.address: available
 2023-02-19 16:13:37,989 DEBUG [main] PlatformDependent0:307 - direct buffer constructor: available
 2023-02-19 16:13:37,990 DEBUG [main] PlatformDependent0:385 - java.nio.Bits.unaligned: available, true
 2023-02-19 16:13:37,990 DEBUG [main] PlatformDependent0:459 - jdk.internal.misc.Unsafe.allocateUninitializedArray(int): unavailable prior to Java9
 2023-02-19 16:13:37,990 DEBUG [main] PlatformDependent0:482 - java.nio.DirectByteBuffer.<init>(long, int): available
 2023-02-19 16:13:37,990 DEBUG [main] PlatformDependent:1159 - sun.misc.Unsafe: available
 2023-02-19 16:13:37,991 DEBUG [main] PlatformDependent:1289 - -Dio.netty.tmpdir: /var/folders/n6/4n1fxl797kxcxlh9lgxgnbx00000gn/T (java.io.tmpdir)
 2023-02-19 16:13:37,993 DEBUG [main] PlatformDependent:1368 - -Dio.netty.bitMode: 64 (sun.arch.data.model)
 2023-02-19 16:13:37,994 DEBUG [main] PlatformDependent:1127 - Platform: MacOS
 2023-02-19 16:13:37,995 DEBUG [main] PlatformDependent:178 - -Dio.netty.maxDirectMemory: 1908932608 bytes
 2023-02-19 16:13:37,995 DEBUG [main] PlatformDependent:185 - -Dio.netty.uninitializedArrayAllocationThreshold: -1
 2023-02-19 16:13:37,995 DEBUG [main] CleanerJava6:92 - java.nio.ByteBuffer.cleaner(): available
 2023-02-19 16:13:37,996 DEBUG [main] PlatformDependent:205 - -Dio.netty.noPreferDirect: false
 2023-02-19 16:13:38,003 DEBUG [main] PlatformDependent:1010 - org.jctools-core.MpscChunkedArrayQueue: available
 2023-02-19 16:13:38,027 DEBUG [main] InternalThreadLocalMap:100 - -Dio.netty.threadLocalMap.stringBuilder.initialSize: 1024
 2023-02-19 16:13:38,028 DEBUG [main] InternalThreadLocalMap:101 - -Dio.netty.threadLocalMap.stringBuilder.maxSize: 4096
 2023-02-19 16:13:38,457 DEBUG [main] JdkSslContext:83 - Default protocols (JDK): [TLSv1.2] 
 2023-02-19 16:13:38,458 DEBUG [main] JdkSslContext:84 - Default cipher suites (JDK): [TLS_ECDHE_ECDSA_WITH_AES_256_GCM_SHA384, TLS_ECDHE_ECDSA_WITH_AES_128_GCM_SHA256, TLS_ECDHE_RSA_WITH_AES_128_GCM_SHA256, TLS_ECDHE_RSA_WITH_AES_256_GCM_SHA384, TLS_ECDHE_RSA_WITH_AES_128_CBC_SHA, TLS_ECDHE_RSA_WITH_AES_256_CBC_SHA, TLS_RSA_WITH_AES_128_GCM_SHA256, TLS_RSA_WITH_AES_128_CBC_SHA, TLS_RSA_WITH_AES_256_CBC_SHA, TLS_AES_128_GCM_SHA256, TLS_AES_256_GCM_SHA384]
 2023-02-19 16:13:38,480 DEBUG [main] MultithreadEventLoopGroup:44 - -Dio.netty.eventLoopThreads: 16
 2023-02-19 16:13:38,487 DEBUG [main] NioEventLoop:110 - -Dio.netty.noKeySetOptimization: false
 2023-02-19 16:13:38,487 DEBUG [main] NioEventLoop:111 - -Dio.netty.selectorAutoRebuildThreshold: 512
 2023-02-19 16:13:38,512 DEBUG [main] PooledByteBufAllocator:157 - -Dio.netty.allocator.numHeapArenas: 16
 2023-02-19 16:13:38,512 DEBUG [main] PooledByteBufAllocator:158 - -Dio.netty.allocator.numDirectArenas: 16
 2023-02-19 16:13:38,513 DEBUG [main] PooledByteBufAllocator:160 - -Dio.netty.allocator.pageSize: 8192
 2023-02-19 16:13:38,513 DEBUG [main] PooledByteBufAllocator:165 - -Dio.netty.allocator.maxOrder: 9
 2023-02-19 16:13:38,513 DEBUG [main] PooledByteBufAllocator:169 - -Dio.netty.allocator.chunkSize: 4194304
 2023-02-19 16:13:38,513 DEBUG [main] PooledByteBufAllocator:170 - -Dio.netty.allocator.smallCacheSize: 256
 2023-02-19 16:13:38,513 DEBUG [main] PooledByteBufAllocator:171 - -Dio.netty.allocator.normalCacheSize: 64
 2023-02-19 16:13:38,513 DEBUG [main] PooledByteBufAllocator:172 - -Dio.netty.allocator.maxCachedBufferCapacity: 32768
 2023-02-19 16:13:38,513 DEBUG [main] PooledByteBufAllocator:173 - -Dio.netty.allocator.cacheTrimInterval: 8192
 2023-02-19 16:13:38,513 DEBUG [main] PooledByteBufAllocator:174 - -Dio.netty.allocator.cacheTrimIntervalMillis: 0
 2023-02-19 16:13:38,514 DEBUG [main] PooledByteBufAllocator:175 - -Dio.netty.allocator.useCacheForAllThreads: false
 2023-02-19 16:13:38,514 DEBUG [main] PooledByteBufAllocator:176 - -Dio.netty.allocator.maxCachedByteBuffersPerChunk: 1023
 2023-02-19 16:13:38,523 DEBUG [main] ByteBufUtil:87 - -Dio.netty.allocator.type: pooled
 2023-02-19 16:13:38,523 DEBUG [main] ByteBufUtil:96 - -Dio.netty.threadLocalDirectBufferSize: 0
 2023-02-19 16:13:38,524 DEBUG [main] ByteBufUtil:99 - -Dio.netty.maxThreadLocalCharBufferSize: 16384
 2023-02-19 16:13:39,040 DEBUG [Forwarding newSession on session null to remote] DefaultChannelId:79 - -Dio.netty.processId: 4032 (auto-detected)
 2023-02-19 16:13:39,050 DEBUG [Forwarding newSession on session null to remote] NetUtil:142 - -Djava.net.preferIPv4Stack: false
 2023-02-19 16:13:39,051 DEBUG [Forwarding newSession on session null to remote] NetUtil:143 - -Djava.net.preferIPv6Addresses: false
 2023-02-19 16:13:39,054 DEBUG [Forwarding newSession on session null to remote] NetUtilInitializations:139 - Loopback interface: lo0 (lo0, 0:0:0:0:0:0:0:1%lo0)
 2023-02-19 16:13:39,055 DEBUG [Forwarding newSession on session null to remote] NetUtil:200 - Failed to get SOMAXCONN from sysctl and file /proc/sys/net/core/somaxconn. Default: 128
 2023-02-19 16:13:39,058 DEBUG [Forwarding newSession on session null to remote] DefaultChannelId:101 - -Dio.netty.machineId: 3c:a6:f6:ff:fe:15:e0:9d (auto-detected)
 2023-02-19 16:13:39,118 DEBUG [AsyncHttpClient-1-2] AbstractByteBuf:63 - -Dio.netty.buffer.checkAccessible: true
 2023-02-19 16:13:39,118 DEBUG [AsyncHttpClient-1-2] AbstractByteBuf:64 - -Dio.netty.buffer.checkBounds: true
 2023-02-19 16:13:39,118 DEBUG [AsyncHttpClient-1-2] ResourceLeakDetectorFactory:196 - Loaded default ResourceLeakDetector: io.netty.util.ResourceLeakDetector@5fba0bbd
 2023-02-19 16:13:39,133 DEBUG [AsyncHttpClient-1-2] Recycler:85 - -Dio.netty.recycler.maxCapacityPerThread: 4096
 2023-02-19 16:13:39,133 DEBUG [AsyncHttpClient-1-2] Recycler:86 - -Dio.netty.recycler.ratio: 8
 2023-02-19 16:13:39,133 DEBUG [AsyncHttpClient-1-2] Recycler:87 - -Dio.netty.recycler.chunkSize: 32
 2023-02-19 16:13:39,133 DEBUG [AsyncHttpClient-1-2] Recycler:88 - -Dio.netty.recycler.blocking: false
 2023-02-19 16:13:45,214 DEBUG [AsyncHttpClient-1-2] Brotli:38 - brotli4j not in the classpath; Brotli support will be unavailable.
 2023-02-19 16:13:45,400 DEBUG [main] ThreadLocalRandom:214 - -Dio.netty.initialSeedUniquifier: 0x319e88a1a4fc70fe
 2023-02-19 16:13:59,424  INFO [main] Test:36 - Launching Amazon url
 2023-02-19 16:42:25,521 DEBUG [main] InternalLoggerFactory:89 - Using Log4J as the default logging framework
 2023-02-19 16:42:25,527 DEBUG [main] ResourceLeakDetector:129 - -Dio.netty.leakDetection.level: simple
 2023-02-19 16:42:25,527 DEBUG [main] ResourceLeakDetector:130 - -Dio.netty.leakDetection.targetRecords: 4
 2023-02-19 16:42:25,531 DEBUG [main] ResourceLeakDetectorFactory:196 - Loaded default ResourceLeakDetector: io.netty.util.ResourceLeakDetector@60c6f5b
 2023-02-19 16:42:25,551 DEBUG [main] PlatformDependent0:496 - -Dio.netty.noUnsafe: false
 2023-02-19 16:42:25,552 DEBUG [main] PlatformDependent0:1000 - Java version: 8
 2023-02-19 16:42:25,552 DEBUG [main] PlatformDependent0:137 - sun.misc.Unsafe.theUnsafe: available
 2023-02-19 16:42:25,553 DEBUG [main] PlatformDependent0:161 - sun.misc.Unsafe.copyMemory: available
 2023-02-19 16:42:25,553 DEBUG [main] PlatformDependent0:193 - sun.misc.Unsafe.storeFence: available
 2023-02-19 16:42:25,553 DEBUG [main] PlatformDependent0:236 - java.nio.Buffer.address: available
 2023-02-19 16:42:25,554 DEBUG [main] PlatformDependent0:307 - direct buffer constructor: available
 2023-02-19 16:42:25,555 DEBUG [main] PlatformDependent0:385 - java.nio.Bits.unaligned: available, true
 2023-02-19 16:42:25,555 DEBUG [main] PlatformDependent0:459 - jdk.internal.misc.Unsafe.allocateUninitializedArray(int): unavailable prior to Java9
 2023-02-19 16:42:25,555 DEBUG [main] PlatformDependent0:482 - java.nio.DirectByteBuffer.<init>(long, int): available
 2023-02-19 16:42:25,555 DEBUG [main] PlatformDependent:1159 - sun.misc.Unsafe: available
 2023-02-19 16:42:25,557 DEBUG [main] PlatformDependent:1289 - -Dio.netty.tmpdir: /var/folders/n6/4n1fxl797kxcxlh9lgxgnbx00000gn/T (java.io.tmpdir)
 2023-02-19 16:42:25,558 DEBUG [main] PlatformDependent:1368 - -Dio.netty.bitMode: 64 (sun.arch.data.model)
 2023-02-19 16:42:25,559 DEBUG [main] PlatformDependent:1127 - Platform: MacOS
 2023-02-19 16:42:25,560 DEBUG [main] PlatformDependent:178 - -Dio.netty.maxDirectMemory: 1908932608 bytes
 2023-02-19 16:42:25,560 DEBUG [main] PlatformDependent:185 - -Dio.netty.uninitializedArrayAllocationThreshold: -1
 2023-02-19 16:42:25,561 DEBUG [main] CleanerJava6:92 - java.nio.ByteBuffer.cleaner(): available
 2023-02-19 16:42:25,562 DEBUG [main] PlatformDependent:205 - -Dio.netty.noPreferDirect: false
 2023-02-19 16:42:25,569 DEBUG [main] PlatformDependent:1010 - org.jctools-core.MpscChunkedArrayQueue: available
 2023-02-19 16:42:25,595 DEBUG [main] InternalThreadLocalMap:100 - -Dio.netty.threadLocalMap.stringBuilder.initialSize: 1024
 2023-02-19 16:42:25,595 DEBUG [main] InternalThreadLocalMap:101 - -Dio.netty.threadLocalMap.stringBuilder.maxSize: 4096
 2023-02-19 16:42:26,016 DEBUG [main] JdkSslContext:83 - Default protocols (JDK): [TLSv1.2] 
 2023-02-19 16:42:26,016 DEBUG [main] JdkSslContext:84 - Default cipher suites (JDK): [TLS_ECDHE_ECDSA_WITH_AES_256_GCM_SHA384, TLS_ECDHE_ECDSA_WITH_AES_128_GCM_SHA256, TLS_ECDHE_RSA_WITH_AES_128_GCM_SHA256, TLS_ECDHE_RSA_WITH_AES_256_GCM_SHA384, TLS_ECDHE_RSA_WITH_AES_128_CBC_SHA, TLS_ECDHE_RSA_WITH_AES_256_CBC_SHA, TLS_RSA_WITH_AES_128_GCM_SHA256, TLS_RSA_WITH_AES_128_CBC_SHA, TLS_RSA_WITH_AES_256_CBC_SHA, TLS_AES_128_GCM_SHA256, TLS_AES_256_GCM_SHA384]
 2023-02-19 16:42:26,034 DEBUG [main] MultithreadEventLoopGroup:44 - -Dio.netty.eventLoopThreads: 16
 2023-02-19 16:42:26,041 DEBUG [main] NioEventLoop:110 - -Dio.netty.noKeySetOptimization: false
 2023-02-19 16:42:26,041 DEBUG [main] NioEventLoop:111 - -Dio.netty.selectorAutoRebuildThreshold: 512
 2023-02-19 16:42:26,062 DEBUG [main] PooledByteBufAllocator:157 - -Dio.netty.allocator.numHeapArenas: 16
 2023-02-19 16:42:26,062 DEBUG [main] PooledByteBufAllocator:158 - -Dio.netty.allocator.numDirectArenas: 16
 2023-02-19 16:42:26,062 DEBUG [main] PooledByteBufAllocator:160 - -Dio.netty.allocator.pageSize: 8192
 2023-02-19 16:42:26,062 DEBUG [main] PooledByteBufAllocator:165 - -Dio.netty.allocator.maxOrder: 9
 2023-02-19 16:42:26,062 DEBUG [main] PooledByteBufAllocator:169 - -Dio.netty.allocator.chunkSize: 4194304
 2023-02-19 16:42:26,062 DEBUG [main] PooledByteBufAllocator:170 - -Dio.netty.allocator.smallCacheSize: 256
 2023-02-19 16:42:26,062 DEBUG [main] PooledByteBufAllocator:171 - -Dio.netty.allocator.normalCacheSize: 64
 2023-02-19 16:42:26,062 DEBUG [main] PooledByteBufAllocator:172 - -Dio.netty.allocator.maxCachedBufferCapacity: 32768
 2023-02-19 16:42:26,063 DEBUG [main] PooledByteBufAllocator:173 - -Dio.netty.allocator.cacheTrimInterval: 8192
 2023-02-19 16:42:26,063 DEBUG [main] PooledByteBufAllocator:174 - -Dio.netty.allocator.cacheTrimIntervalMillis: 0
 2023-02-19 16:42:26,063 DEBUG [main] PooledByteBufAllocator:175 - -Dio.netty.allocator.useCacheForAllThreads: false
 2023-02-19 16:42:26,063 DEBUG [main] PooledByteBufAllocator:176 - -Dio.netty.allocator.maxCachedByteBuffersPerChunk: 1023
 2023-02-19 16:42:26,073 DEBUG [main] ByteBufUtil:87 - -Dio.netty.allocator.type: pooled
 2023-02-19 16:42:26,073 DEBUG [main] ByteBufUtil:96 - -Dio.netty.threadLocalDirectBufferSize: 0
 2023-02-19 16:42:26,074 DEBUG [main] ByteBufUtil:99 - -Dio.netty.maxThreadLocalCharBufferSize: 16384
 2023-02-19 16:42:26,593 DEBUG [Forwarding newSession on session null to remote] DefaultChannelId:79 - -Dio.netty.processId: 4168 (auto-detected)
 2023-02-19 16:42:26,605 DEBUG [Forwarding newSession on session null to remote] NetUtil:142 - -Djava.net.preferIPv4Stack: false
 2023-02-19 16:42:26,606 DEBUG [Forwarding newSession on session null to remote] NetUtil:143 - -Djava.net.preferIPv6Addresses: false
 2023-02-19 16:42:26,610 DEBUG [Forwarding newSession on session null to remote] NetUtilInitializations:139 - Loopback interface: lo0 (lo0, 0:0:0:0:0:0:0:1%lo0)
 2023-02-19 16:42:26,613 DEBUG [Forwarding newSession on session null to remote] NetUtil:200 - Failed to get SOMAXCONN from sysctl and file /proc/sys/net/core/somaxconn. Default: 128
 2023-02-19 16:42:26,617 DEBUG [Forwarding newSession on session null to remote] DefaultChannelId:101 - -Dio.netty.machineId: 3c:a6:f6:ff:fe:15:e0:9d (auto-detected)
 2023-02-19 16:42:26,682 DEBUG [AsyncHttpClient-1-2] AbstractByteBuf:63 - -Dio.netty.buffer.checkAccessible: true
 2023-02-19 16:42:26,683 DEBUG [AsyncHttpClient-1-2] AbstractByteBuf:64 - -Dio.netty.buffer.checkBounds: true
 2023-02-19 16:42:26,683 DEBUG [AsyncHttpClient-1-2] ResourceLeakDetectorFactory:196 - Loaded default ResourceLeakDetector: io.netty.util.ResourceLeakDetector@69168a70
 2023-02-19 16:42:26,702 DEBUG [AsyncHttpClient-1-2] Recycler:85 - -Dio.netty.recycler.maxCapacityPerThread: 4096
 2023-02-19 16:42:26,703 DEBUG [AsyncHttpClient-1-2] Recycler:86 - -Dio.netty.recycler.ratio: 8
 2023-02-19 16:42:26,703 DEBUG [AsyncHttpClient-1-2] Recycler:87 - -Dio.netty.recycler.chunkSize: 32
 2023-02-19 16:42:26,703 DEBUG [AsyncHttpClient-1-2] Recycler:88 - -Dio.netty.recycler.blocking: false
 2023-02-19 16:42:31,077 DEBUG [AsyncHttpClient-1-2] Brotli:38 - brotli4j not in the classpath; Brotli support will be unavailable.
 2023-02-19 16:42:31,279 DEBUG [main] ThreadLocalRandom:214 - -Dio.netty.initialSeedUniquifier: 0x7adad44de951a46c
 2023-02-19 16:42:48,285  INFO [main] Test:36 - Launched Amazon url
 2023-02-19 16:42:48,874  INFO [main] Test:43 - Selected category Books from category list
 2023-02-19 16:43:01,873  INFO [main] Test:49 - Searched for key word Automation
 2023-02-19 16:43:06,649  INFO [main] Test:56 - Selected customer reviews 4 and up
 2023-02-19 16:43:07,217  INFO [main] Test:63 - Selected customer reviews 4 and up
 2023-02-19 16:43:08,385  INFO [main] Test:69 - Getting the item name of the second item on the list
 2023-02-19 16:43:16,495  INFO [main] Test:73 - Clicked on  the second item on the list
 2023-02-19 16:43:26,595  INFO [main] Test:79 - Getting the unit price of the item selected
 2023-02-19 16:43:26,622  INFO [main] Test:84 - Asserted the product titles
 2023-02-19 16:43:26,770  INFO [main] Test:91 - Selected the quantity as 2
 2023-02-19 16:43:33,107  INFO [main] Test:97 - Clicked on add to cart button
 2023-02-19 16:43:35,724  INFO [main] Test:103 - Clicked on go to cart button
 2023-02-19 16:44:49,362 DEBUG [main] InternalLoggerFactory:89 - Using Log4J as the default logging framework
 2023-02-19 16:44:49,368 DEBUG [main] ResourceLeakDetector:129 - -Dio.netty.leakDetection.level: simple
 2023-02-19 16:44:49,368 DEBUG [main] ResourceLeakDetector:130 - -Dio.netty.leakDetection.targetRecords: 4
 2023-02-19 16:44:49,372 DEBUG [main] ResourceLeakDetectorFactory:196 - Loaded default ResourceLeakDetector: io.netty.util.ResourceLeakDetector@60c6f5b
 2023-02-19 16:44:49,395 DEBUG [main] PlatformDependent0:496 - -Dio.netty.noUnsafe: false
 2023-02-19 16:44:49,395 DEBUG [main] PlatformDependent0:1000 - Java version: 8
 2023-02-19 16:44:49,396 DEBUG [main] PlatformDependent0:137 - sun.misc.Unsafe.theUnsafe: available
 2023-02-19 16:44:49,396 DEBUG [main] PlatformDependent0:161 - sun.misc.Unsafe.copyMemory: available
 2023-02-19 16:44:49,396 DEBUG [main] PlatformDependent0:193 - sun.misc.Unsafe.storeFence: available
 2023-02-19 16:44:49,397 DEBUG [main] PlatformDependent0:236 - java.nio.Buffer.address: available
 2023-02-19 16:44:49,397 DEBUG [main] PlatformDependent0:307 - direct buffer constructor: available
 2023-02-19 16:44:49,398 DEBUG [main] PlatformDependent0:385 - java.nio.Bits.unaligned: available, true
 2023-02-19 16:44:49,399 DEBUG [main] PlatformDependent0:459 - jdk.internal.misc.Unsafe.allocateUninitializedArray(int): unavailable prior to Java9
 2023-02-19 16:44:49,399 DEBUG [main] PlatformDependent0:482 - java.nio.DirectByteBuffer.<init>(long, int): available
 2023-02-19 16:44:49,399 DEBUG [main] PlatformDependent:1159 - sun.misc.Unsafe: available
 2023-02-19 16:44:49,400 DEBUG [main] PlatformDependent:1289 - -Dio.netty.tmpdir: /var/folders/n6/4n1fxl797kxcxlh9lgxgnbx00000gn/T (java.io.tmpdir)
 2023-02-19 16:44:49,402 DEBUG [main] PlatformDependent:1368 - -Dio.netty.bitMode: 64 (sun.arch.data.model)
 2023-02-19 16:44:49,403 DEBUG [main] PlatformDependent:1127 - Platform: MacOS
 2023-02-19 16:44:49,403 DEBUG [main] PlatformDependent:178 - -Dio.netty.maxDirectMemory: 1908932608 bytes
 2023-02-19 16:44:49,403 DEBUG [main] PlatformDependent:185 - -Dio.netty.uninitializedArrayAllocationThreshold: -1
 2023-02-19 16:44:49,404 DEBUG [main] CleanerJava6:92 - java.nio.ByteBuffer.cleaner(): available
 2023-02-19 16:44:49,405 DEBUG [main] PlatformDependent:205 - -Dio.netty.noPreferDirect: false
 2023-02-19 16:44:49,412 DEBUG [main] PlatformDependent:1010 - org.jctools-core.MpscChunkedArrayQueue: available
 2023-02-19 16:44:49,436 DEBUG [main] InternalThreadLocalMap:100 - -Dio.netty.threadLocalMap.stringBuilder.initialSize: 1024
 2023-02-19 16:44:49,436 DEBUG [main] InternalThreadLocalMap:101 - -Dio.netty.threadLocalMap.stringBuilder.maxSize: 4096
 2023-02-19 16:44:49,833 DEBUG [main] JdkSslContext:83 - Default protocols (JDK): [TLSv1.2] 
 2023-02-19 16:44:49,834 DEBUG [main] JdkSslContext:84 - Default cipher suites (JDK): [TLS_ECDHE_ECDSA_WITH_AES_256_GCM_SHA384, TLS_ECDHE_ECDSA_WITH_AES_128_GCM_SHA256, TLS_ECDHE_RSA_WITH_AES_128_GCM_SHA256, TLS_ECDHE_RSA_WITH_AES_256_GCM_SHA384, TLS_ECDHE_RSA_WITH_AES_128_CBC_SHA, TLS_ECDHE_RSA_WITH_AES_256_CBC_SHA, TLS_RSA_WITH_AES_128_GCM_SHA256, TLS_RSA_WITH_AES_128_CBC_SHA, TLS_RSA_WITH_AES_256_CBC_SHA, TLS_AES_128_GCM_SHA256, TLS_AES_256_GCM_SHA384]
 2023-02-19 16:44:49,852 DEBUG [main] MultithreadEventLoopGroup:44 - -Dio.netty.eventLoopThreads: 16
 2023-02-19 16:44:49,858 DEBUG [main] NioEventLoop:110 - -Dio.netty.noKeySetOptimization: false
 2023-02-19 16:44:49,858 DEBUG [main] NioEventLoop:111 - -Dio.netty.selectorAutoRebuildThreshold: 512
 2023-02-19 16:44:49,879 DEBUG [main] PooledByteBufAllocator:157 - -Dio.netty.allocator.numHeapArenas: 16
 2023-02-19 16:44:49,880 DEBUG [main] PooledByteBufAllocator:158 - -Dio.netty.allocator.numDirectArenas: 16
 2023-02-19 16:44:49,880 DEBUG [main] PooledByteBufAllocator:160 - -Dio.netty.allocator.pageSize: 8192
 2023-02-19 16:44:49,880 DEBUG [main] PooledByteBufAllocator:165 - -Dio.netty.allocator.maxOrder: 9
 2023-02-19 16:44:49,880 DEBUG [main] PooledByteBufAllocator:169 - -Dio.netty.allocator.chunkSize: 4194304
 2023-02-19 16:44:49,880 DEBUG [main] PooledByteBufAllocator:170 - -Dio.netty.allocator.smallCacheSize: 256
 2023-02-19 16:44:49,880 DEBUG [main] PooledByteBufAllocator:171 - -Dio.netty.allocator.normalCacheSize: 64
 2023-02-19 16:44:49,880 DEBUG [main] PooledByteBufAllocator:172 - -Dio.netty.allocator.maxCachedBufferCapacity: 32768
 2023-02-19 16:44:49,880 DEBUG [main] PooledByteBufAllocator:173 - -Dio.netty.allocator.cacheTrimInterval: 8192
 2023-02-19 16:44:49,880 DEBUG [main] PooledByteBufAllocator:174 - -Dio.netty.allocator.cacheTrimIntervalMillis: 0
 2023-02-19 16:44:49,880 DEBUG [main] PooledByteBufAllocator:175 - -Dio.netty.allocator.useCacheForAllThreads: false
 2023-02-19 16:44:49,880 DEBUG [main] PooledByteBufAllocator:176 - -Dio.netty.allocator.maxCachedByteBuffersPerChunk: 1023
 2023-02-19 16:44:49,891 DEBUG [main] ByteBufUtil:87 - -Dio.netty.allocator.type: pooled
 2023-02-19 16:44:49,891 DEBUG [main] ByteBufUtil:96 - -Dio.netty.threadLocalDirectBufferSize: 0
 2023-02-19 16:44:49,891 DEBUG [main] ByteBufUtil:99 - -Dio.netty.maxThreadLocalCharBufferSize: 16384
 2023-02-19 16:44:50,437 DEBUG [Forwarding newSession on session null to remote] DefaultChannelId:79 - -Dio.netty.processId: 4201 (auto-detected)
 2023-02-19 16:44:50,449 DEBUG [Forwarding newSession on session null to remote] NetUtil:142 - -Djava.net.preferIPv4Stack: false
 2023-02-19 16:44:50,450 DEBUG [Forwarding newSession on session null to remote] NetUtil:143 - -Djava.net.preferIPv6Addresses: false
 2023-02-19 16:44:50,454 DEBUG [Forwarding newSession on session null to remote] NetUtilInitializations:139 - Loopback interface: lo0 (lo0, 0:0:0:0:0:0:0:1%lo0)
 2023-02-19 16:44:50,456 DEBUG [Forwarding newSession on session null to remote] NetUtil:200 - Failed to get SOMAXCONN from sysctl and file /proc/sys/net/core/somaxconn. Default: 128
 2023-02-19 16:44:50,458 DEBUG [Forwarding newSession on session null to remote] DefaultChannelId:101 - -Dio.netty.machineId: 3c:a6:f6:ff:fe:15:e0:9d (auto-detected)
 2023-02-19 16:44:50,522 DEBUG [AsyncHttpClient-1-2] AbstractByteBuf:63 - -Dio.netty.buffer.checkAccessible: true
 2023-02-19 16:44:50,522 DEBUG [AsyncHttpClient-1-2] AbstractByteBuf:64 - -Dio.netty.buffer.checkBounds: true
 2023-02-19 16:44:50,522 DEBUG [AsyncHttpClient-1-2] ResourceLeakDetectorFactory:196 - Loaded default ResourceLeakDetector: io.netty.util.ResourceLeakDetector@32306dd0
 2023-02-19 16:44:50,537 DEBUG [AsyncHttpClient-1-2] Recycler:85 - -Dio.netty.recycler.maxCapacityPerThread: 4096
 2023-02-19 16:44:50,538 DEBUG [AsyncHttpClient-1-2] Recycler:86 - -Dio.netty.recycler.ratio: 8
 2023-02-19 16:44:50,538 DEBUG [AsyncHttpClient-1-2] Recycler:87 - -Dio.netty.recycler.chunkSize: 32
 2023-02-19 16:44:50,538 DEBUG [AsyncHttpClient-1-2] Recycler:88 - -Dio.netty.recycler.blocking: false
 2023-02-19 16:44:54,996 DEBUG [AsyncHttpClient-1-2] Brotli:38 - brotli4j not in the classpath; Brotli support will be unavailable.
 2023-02-19 16:44:55,184 DEBUG [main] ThreadLocalRandom:214 - -Dio.netty.initialSeedUniquifier: 0x8bef7efaf03145da
 2023-02-19 16:45:04,188  INFO [main] Test:36 - Launched Amazon url
 2023-02-19 16:45:06,405  INFO [main] Test:43 - Selected category Books from category list
 2023-02-19 16:45:17,490  INFO [main] Test:49 - Searched for key word Automation
 2023-02-19 16:45:22,629  INFO [main] Test:56 - Selected customer reviews 4 and up
 2023-02-19 16:45:23,152  INFO [main] Test:63 - Selected customer reviews 4 and up
 2023-02-19 16:45:24,302  INFO [main] Test:69 - Getting the item name of the second item on the list
 2023-02-19 16:45:32,466  INFO [main] Test:73 - Clicked on  the second item on the list
 2023-02-19 16:45:42,890  INFO [main] Test:79 - Getting the unit price of the item selected
 2023-02-19 16:45:42,914  INFO [main] Test:84 - Asserted the product titles
 2023-02-19 16:45:43,126  INFO [main] Test:91 - Selected the quantity as 2
 2023-02-19 16:45:49,970  INFO [main] Test:97 - Clicked on add to cart button
 2023-02-19 16:45:53,805  INFO [main] Test:103 - Clicked on go to cart button
 2023-02-19 16:45:53,941  INFO [main] Test:114 - Asserted the cart details
 2023-02-19 16:45:54,112  INFO [main] Test:121 - Cleared the cart
 2023-02-19 16:45:54,606  INFO [main] Test:129 - Asserted that the updated price is 0
 2023-02-19 16:45:54,606  INFO [main] Test:132 - Quitting the driver
 